<?xml version="1.0" encoding="UTF-8"?>
<!-- Generated by org.testng.reporters.JUnitXMLReporter -->
<testsuite ignored="0" hostname="LAPTOP-AOTFQ1S8" failures="0" tests="3" name="Test" time="16.855" errors="0" timestamp="2023-01-04T11:49:37 IST">
  <testcase classname="com.insurance.esiinsurance.generic.BaseClass" name="@BeforeMethod login" time="2.644">
    <failure type="org.openqa.selenium.NoSuchWindowException" message="no such window: target window already closed
from unknown error: web view not found
  (Session info: chrome=108.0.5359.125)
Build info: version: &amp;apos;4.7.1&amp;apos;, revision: &amp;apos;c6795baf1a3&amp;apos;
System info: os.name: &amp;apos;Windows 10&amp;apos;, os.arch: &amp;apos;amd64&amp;apos;, os.version: &amp;apos;10.0&amp;apos;, java.version: &amp;apos;11.0.17&amp;apos;
Driver info: org.openqa.selenium.chrome.ChromeDriver
Command: [f1a6e83255a097478c3b7bd1f476da56, get {url=http://rmgtestingserver/domain/Life_Insurance_Management_System/index.php}]
Capabilities {acceptInsecureCerts: false, browserName: chrome, browserVersion: 108.0.5359.125, chrome: {chromedriverVersion: 108.0.5359.71 (1e0e3868ee06..., userDataDir: C:\Users\SRAVAN~1\AppData\L...}, goog:chromeOptions: {debuggerAddress: localhost:51379}, networkConnectionEnabled: false, pageLoadStrategy: normal, platformName: WINDOWS, proxy: Proxy(), se:cdp: ws://localhost:51379/devtoo..., se:cdpVersion: 108.0.5359.125, setWindowRect: true, strictFileInteractability: false, timeouts: {implicit: 0, pageLoad: 300000, script: 30000}, unhandledPromptBehavior: dismiss and notify, webauthn:extension:credBlob: true, webauthn:extension:largeBlob: true, webauthn:virtualAuthenticators: true}
Session ID: f1a6e83255a097478c3b7bd1f476da56">
      <![CDATA[org.openqa.selenium.NoSuchWindowException: no such window: target window already closed
from unknown error: web view not found
  (Session info: chrome=108.0.5359.125)
Build info: version: '4.7.1', revision: 'c6795baf1a3'
System info: os.name: 'Windows 10', os.arch: 'amd64', os.version: '10.0', java.version: '11.0.17'
Driver info: org.openqa.selenium.chrome.ChromeDriver
Command: [f1a6e83255a097478c3b7bd1f476da56, get {url=http://rmgtestingserver/domain/Life_Insurance_Management_System/index.php}]
Capabilities {acceptInsecureCerts: false, browserName: chrome, browserVersion: 108.0.5359.125, chrome: {chromedriverVersion: 108.0.5359.71 (1e0e3868ee06..., userDataDir: C:\Users\SRAVAN~1\AppData\L...}, goog:chromeOptions: {debuggerAddress: localhost:51379}, networkConnectionEnabled: false, pageLoadStrategy: normal, platformName: WINDOWS, proxy: Proxy(), se:cdp: ws://localhost:51379/devtoo..., se:cdpVersion: 108.0.5359.125, setWindowRect: true, strictFileInteractability: false, timeouts: {implicit: 0, pageLoad: 300000, script: 30000}, unhandledPromptBehavior: dismiss and notify, webauthn:extension:credBlob: true, webauthn:extension:largeBlob: true, webauthn:virtualAuthenticators: true}
Session ID: f1a6e83255a097478c3b7bd1f476da56
at org.openqa.selenium.remote.codec.w3c.W3CHttpResponseCodec.createException(W3CHttpResponseCodec.java:200)
at org.openqa.selenium.remote.codec.w3c.W3CHttpResponseCodec.decode(W3CHttpResponseCodec.java:133)
at org.openqa.selenium.remote.codec.w3c.W3CHttpResponseCodec.decode(W3CHttpResponseCodec.java:53)
at org.openqa.selenium.remote.HttpCommandExecutor.execute(HttpCommandExecutor.java:184)
at org.openqa.selenium.remote.service.DriverCommandExecutor.invokeExecute(DriverCommandExecutor.java:167)
at org.openqa.selenium.remote.service.DriverCommandExecutor.execute(DriverCommandExecutor.java:142)
at org.openqa.selenium.remote.RemoteWebDriver.execute(RemoteWebDriver.java:551)
at org.openqa.selenium.remote.RemoteWebDriver.get(RemoteWebDriver.java:312)
at com.insurance.esiinsurance.generic.BaseClass.login(BaseClass.java:49)
at java.base/java.util.ArrayList.forEach(ArrayList.java:1541)
... Removed 35 stack frames]]>
    </failure>
  </testcase> <!-- @BeforeMethod login -->
  <testcase classname="com.insurance.esiinsurance.generic.BaseClass" name="@AfterMethod Logout" time="-1.672813177639E9">
    <skipped/>
  </testcase> <!-- @AfterMethod Logout -->
  <testcase classname="com.insurance.esiinsurance.generic.BaseClass" name="@BeforeMethod login" time="-1.672813177646E9">
    <skipped/>
  </testcase> <!-- @BeforeMethod login -->
  <testcase classname="com.insurance.esiinsurance.generic.BaseClass" name="@AfterMethod Logout" time="-1.672813177659E9">
    <skipped/>
  </testcase> <!-- @AfterMethod Logout -->
  <testcase classname="com.insurance.esiinsurance.generic.BaseClass" name="@BeforeMethod login" time="-1.672813177664E9">
    <skipped/>
  </testcase> <!-- @BeforeMethod login -->
  <testcase classname="com.insurance.esiinsurance.generic.BaseClass" name="@AfterMethod Logout" time="-1.672813177676E9">
    <skipped/>
  </testcase> <!-- @AfterMethod Logout -->
  <testcase classname="com.insurance.esiinsurance.generic.BaseClass" name="@AfterClass closingBrowser" time="-1.672813177681E9">
    <skipped/>
  </testcase> <!-- @AfterClass closingBrowser -->
  <testcase classname="com.insurance.esiInsurance.modules.Add_Edit_Delete_Payment_Test" name="addPayment" time="0.0">
    <skipped/>
  </testcase> <!-- addPayment -->
  <testcase classname="com.insurance.esiInsurance.modules.Add_Edit_Delete_Payment_Test" name="editpayment" time="0.0">
    <skipped/>
  </testcase> <!-- editpayment -->
  <testcase classname="com.insurance.esiInsurance.modules.Add_Edit_Delete_Payment_Test" name="deletePayment" time="0.0">
    <skipped/>
  </testcase> <!-- deletePayment -->
</testsuite> <!-- Test -->
